[debug] [2022-08-11T17:27:24.673Z] ----------------------------------------------------------------------
[debug] [2022-08-11T17:27:24.675Z] Command:       C:\Program Files\nodejs\node.exe C:\Program Files\nodejs\node_modules\firebase-tools\lib\bin\firebase.js init
[debug] [2022-08-11T17:27:24.676Z] CLI Version:   11.5.0
[debug] [2022-08-11T17:27:24.676Z] Platform:      win32
[debug] [2022-08-11T17:27:24.676Z] Node Version:  v18.4.0
[debug] [2022-08-11T17:27:24.678Z] Time:          Thu Aug 11 2022 22:57:24 GMT+0530 (India Standard Time)
[debug] [2022-08-11T17:27:24.679Z] ----------------------------------------------------------------------
[debug] 
[debug] [2022-08-11T17:27:24.742Z] > command requires scopes: ["email","openid","https://www.googleapis.com/auth/cloudplatformprojects.readonly","https://www.googleapis.com/auth/firebase","https://www.googleapis.com/auth/cloud-platform"]
[debug] [2022-08-11T17:27:24.743Z] > authorizing via signed-in user (downpourconsultancyservices@gmail.com)
[info] 
     ######## #### ########  ######## ########     ###     ######  ########
     ##        ##  ##     ## ##       ##     ##  ##   ##  ##       ##
     ######    ##  ########  ######   ########  #########  ######  ######
     ##        ##  ##    ##  ##       ##     ## ##     ##       ## ##
     ##       #### ##     ## ######## ########  ##     ##  ######  ########

You're about to initialize a Firebase project in this directory:

  C:\Users\nisha\Desktop\dcs\bajos\web-app

Before we get started, keep in mind:

  * You are initializing within an existing Firebase project directory

